0 info it worked if it ends with ok
1 verbose cli [ '/Users/davidkim/.nvm/versions/node/v0.12.7/bin/node',
1 verbose cli   '/Users/davidkim/.nvm/versions/node/v0.12.7/bin/npm',
1 verbose cli   'install',
1 verbose cli   'jpegorientation' ]
2 info using npm@2.11.3
3 info using node@v0.12.7
4 verbose install initial load of /Users/davidkim/git/testeract/package.json
5 warn package.json testeract@1.0.0 No description
6 warn package.json testeract@1.0.0 No README data
7 verbose installManyTop reading scoped package data from /Users/davidkim/git/testeract/node_modules/express/package.json
8 verbose installManyTop reading scoped package data from /Users/davidkim/git/testeract/node_modules/jpeg-js/package.json
9 verbose installManyTop reading scoped package data from /Users/davidkim/git/testeract/node_modules/multer/package.json
10 verbose installManyTop reading scoped package data from /Users/davidkim/git/testeract/node_modules/pngjs/package.json
11 verbose installManyTop reading scoped package data from /Users/davidkim/git/testeract/node_modules/shortid/package.json
12 verbose readDependencies loading dependencies from /Users/davidkim/git/testeract/package.json
13 silly cache add args [ 'jpegorientation', null ]
14 verbose cache add spec jpegorientation
15 silly cache add parsed spec { raw: 'jpegorientation',
15 silly cache add   scope: null,
15 silly cache add   name: 'jpegorientation',
15 silly cache add   rawSpec: '',
15 silly cache add   spec: '*',
15 silly cache add   type: 'range' }
16 silly addNamed jpegorientation@*
17 verbose addNamed "*" is a valid semver range for jpegorientation
18 silly addNameRange { name: 'jpegorientation', range: '*', hasData: false }
19 silly mapToRegistry name jpegorientation
20 silly mapToRegistry using default registry
21 silly mapToRegistry registry https://registry.npmjs.org/
22 silly mapToRegistry uri https://registry.npmjs.org/jpegorientation
23 verbose addNameRange registry:https://registry.npmjs.org/jpegorientation not in flight; fetching
24 verbose request uri https://registry.npmjs.org/jpegorientation
25 verbose request no auth needed
26 info attempt registry request try #1 at 5:10:31 PM
27 verbose request id d6e6ac88bed8a260
28 verbose etag "1UMO2GTHT251OTZFMR5QV804O"
29 http request GET https://registry.npmjs.org/jpegorientation
30 http 304 https://registry.npmjs.org/jpegorientation
31 silly get cb [ 304,
31 silly get   { date: 'Sat, 07 Nov 2015 22:10:31 GMT',
31 silly get     via: '1.1 varnish',
31 silly get     'cache-control': 'max-age=60',
31 silly get     etag: '"1UMO2GTHT251OTZFMR5QV804O"',
31 silly get     age: '0',
31 silly get     connection: 'keep-alive',
31 silly get     'x-served-by': 'cache-jfk1028-JFK',
31 silly get     'x-cache': 'HIT',
31 silly get     'x-cache-hits': '1',
31 silly get     'x-timer': 'S1446934231.565192,VS0,VE19',
31 silly get     vary: 'Accept' } ]
32 verbose etag https://registry.npmjs.org/jpegorientation from cache
33 verbose get saving jpegorientation to /Users/davidkim/.npm/registry.npmjs.org/jpegorientation/.cache.json
34 silly addNameRange number 2 { name: 'jpegorientation', range: '*', hasData: true }
35 silly addNameRange versions [ 'jpegorientation', [ '1.0.0', '1.0.1', '1.0.2' ] ]
36 silly addNamed jpegorientation@1.0.2
37 verbose addNamed "1.0.2" is a plain semver version for jpegorientation
38 silly cache afterAdd jpegorientation@1.0.2
39 verbose afterAdd /Users/davidkim/.npm/jpegorientation/1.0.2/package/package.json not in flight; writing
40 verbose afterAdd /Users/davidkim/.npm/jpegorientation/1.0.2/package/package.json written
41 silly install resolved [ { name: 'jpegorientation',
41 silly install resolved     description: 'Tool for getting, setting and rotating jpeg images based on Exif rotation information',
41 silly install resolved     version: '1.0.2',
41 silly install resolved     author: { name: 'Jeremy Condon', email: 'jeremycondon@gmail.com' },
41 silly install resolved     keywords:
41 silly install resolved      [ 'nodejs',
41 silly install resolved        'Rotate',
41 silly install resolved        'JPEG',
41 silly install resolved        'EXIF',
41 silly install resolved        'Auto Rotate',
41 silly install resolved        'image',
41 silly install resolved        'graphicsmagick',
41 silly install resolved        'imagemagick' ],
41 silly install resolved     engines: { node: '>= 0.4.2' },
41 silly install resolved     bugs: { url: 'http://github.com/GritDesign/node-jpegorientation/issues' },
41 silly install resolved     licenses: [ [Object] ],
41 silly install resolved     dependencies: { gm: '1.4.2' },
41 silly install resolved     main: './index',
41 silly install resolved     repository:
41 silly install resolved      { type: 'git',
41 silly install resolved        url: 'git+https://github.com/GritDesign/node-jpegorientation.git' },
41 silly install resolved     _id: 'jpegorientation@1.0.2',
41 silly install resolved     _from: 'jpegorientation@*',
41 silly install resolved     scripts: { install: 'node-gyp rebuild' },
41 silly install resolved     gypfile: true,
41 silly install resolved     homepage: 'https://github.com/GritDesign/node-jpegorientation',
41 silly install resolved     dist:
41 silly install resolved      { shasum: '4d5901ce8af11e6706314d49c28093245852fa45',
41 silly install resolved        tarball: 'http://registry.npmjs.org/jpegorientation/-/jpegorientation-1.0.2.tgz' },
41 silly install resolved     _npmVersion: '1.4.3',
41 silly install resolved     _npmUser: { name: 'jeremycondon', email: 'jeremycondon@gmail.com' },
41 silly install resolved     maintainers: [ [Object] ],
41 silly install resolved     directories: {},
41 silly install resolved     _shasum: '4d5901ce8af11e6706314d49c28093245852fa45',
41 silly install resolved     _resolved: 'https://registry.npmjs.org/jpegorientation/-/jpegorientation-1.0.2.tgz',
41 silly install resolved     readme: 'ERROR: No README data found!' } ]
42 info install jpegorientation@1.0.2 into /Users/davidkim/git/testeract
43 info installOne jpegorientation@1.0.2
44 verbose installOne of jpegorientation to /Users/davidkim/git/testeract not in flight; installing
45 verbose lock using /Users/davidkim/.npm/_locks/jpegorientation-a91831f2af8ef939.lock for /Users/davidkim/git/testeract/node_modules/jpegorientation
46 silly install write writing jpegorientation 1.0.2 to /Users/davidkim/git/testeract/node_modules/jpegorientation
47 verbose unbuild node_modules/jpegorientation
48 silly gentlyRm /Users/davidkim/git/testeract/node_modules/jpegorientation is being purged from base /Users/davidkim/git/testeract
49 verbose gentlyRm don't care about contents; nuking /Users/davidkim/git/testeract/node_modules/jpegorientation
50 verbose tar unpack /Users/davidkim/.npm/jpegorientation/1.0.2/package.tgz
51 verbose tar unpacking to /Users/davidkim/git/testeract/node_modules/jpegorientation
52 silly gentlyRm /Users/davidkim/git/testeract/node_modules/jpegorientation is being purged
53 verbose gentlyRm don't care about contents; nuking /Users/davidkim/git/testeract/node_modules/jpegorientation
54 silly gunzTarPerm modes [ '755', '644' ]
55 silly gunzTarPerm extractEntry package.json
56 silly gunzTarPerm extractEntry README.md
57 silly gunzTarPerm extractEntry index.js
58 silly gunzTarPerm extractEntry binding.gyp
59 silly gunzTarPerm extractEntry lib/autoRotate.js
60 silly gunzTarPerm extractEntry src/jpegexiforient.cc
61 verbose write writing to /Users/davidkim/git/testeract/node_modules/jpegorientation/package.json
62 info preinstall jpegorientation@1.0.2
63 verbose readDependencies loading dependencies from /Users/davidkim/git/testeract/node_modules/jpegorientation/package.json
64 silly prepareForInstallMany adding gm@1.4.2 from jpegorientation dependencies
65 verbose readDependencies loading dependencies from /Users/davidkim/git/testeract/node_modules/jpegorientation/package.json
66 silly cache add args [ 'gm@1.4.2', null ]
67 verbose cache add spec gm@1.4.2
68 silly cache add parsed spec { raw: 'gm@1.4.2',
68 silly cache add   scope: null,
68 silly cache add   name: 'gm',
68 silly cache add   rawSpec: '1.4.2',
68 silly cache add   spec: '1.4.2',
68 silly cache add   type: 'version' }
69 silly addNamed gm@1.4.2
70 verbose addNamed "1.4.2" is a plain semver version for gm
71 silly mapToRegistry name gm
72 silly mapToRegistry using default registry
73 silly mapToRegistry registry https://registry.npmjs.org/
74 silly mapToRegistry uri https://registry.npmjs.org/gm
75 verbose addNameVersion registry:https://registry.npmjs.org/gm not in flight; fetching
76 verbose request uri https://registry.npmjs.org/gm
77 verbose request no auth needed
78 info attempt registry request try #1 at 5:10:31 PM
79 verbose etag "A9G8XN2ZPQTN176G9NSHT7PSV"
80 http request GET https://registry.npmjs.org/gm
81 http 304 https://registry.npmjs.org/gm
82 silly get cb [ 304,
82 silly get   { date: 'Sat, 07 Nov 2015 22:10:31 GMT',
82 silly get     via: '1.1 varnish',
82 silly get     'cache-control': 'max-age=60',
82 silly get     etag: '"A9G8XN2ZPQTN176G9NSHT7PSV"',
82 silly get     age: '53',
82 silly get     connection: 'keep-alive',
82 silly get     'x-served-by': 'cache-jfk1028-JFK',
82 silly get     'x-cache': 'HIT',
82 silly get     'x-cache-hits': '1',
82 silly get     'x-timer': 'S1446934231.683248,VS0,VE1',
82 silly get     vary: 'Accept' } ]
83 verbose etag https://registry.npmjs.org/gm from cache
84 verbose get saving gm to /Users/davidkim/.npm/registry.npmjs.org/gm/.cache.json
85 silly cache afterAdd gm@1.4.2
86 verbose afterAdd /Users/davidkim/.npm/gm/1.4.2/package/package.json not in flight; writing
87 verbose afterAdd /Users/davidkim/.npm/gm/1.4.2/package/package.json written
88 silly install resolved [ { name: 'gm',
88 silly install resolved     description: 'Graphics Magick for node.',
88 silly install resolved     version: '1.4.2',
88 silly install resolved     author:
88 silly install resolved      { name: 'Aaron Heckmann',
88 silly install resolved        email: 'aaron.heckmann+github@gmail.com' },
88 silly install resolved     keywords:
88 silly install resolved      [ 'nodejs',
88 silly install resolved        'graphics magick',
88 silly install resolved        'graphics',
88 silly install resolved        'magick',
88 silly install resolved        'image',
88 silly install resolved        'graphicsmagick',
88 silly install resolved        'imagemagick' ],
88 silly install resolved     engines: { node: '>= 0.4.2' },
88 silly install resolved     bugs: { url: 'http://github.com/aheckmann/gm/issues' },
88 silly install resolved     licenses: [ [Object] ],
88 silly install resolved     main: './index',
88 silly install resolved     scripts: { test: 'make test' },
88 silly install resolved     contributors:
88 silly install resolved      [ [Object],
88 silly install resolved        [Object],
88 silly install resolved        [Object],
88 silly install resolved        [Object],
88 silly install resolved        [Object],
88 silly install resolved        [Object],
88 silly install resolved        [Object] ],
88 silly install resolved     repository: { type: 'git', url: 'git+https://github.com/aheckmann/gm.git' },
88 silly install resolved     devDependencies: { gleak: '0.2.4' },
88 silly install resolved     _id: 'gm@1.4.2',
88 silly install resolved     dist:
88 silly install resolved      { shasum: '62f35608ed783f8ea0843107b82cac0d6745faef',
88 silly install resolved        tarball: 'http://registry.npmjs.org/gm/-/gm-1.4.2.tgz' },
88 silly install resolved     maintainers: [ [Object] ],
88 silly install resolved     directories: {},
88 silly install resolved     _shasum: '62f35608ed783f8ea0843107b82cac0d6745faef',
88 silly install resolved     _resolved: 'https://registry.npmjs.org/gm/-/gm-1.4.2.tgz',
88 silly install resolved     _from: 'gm@1.4.2',
88 silly install resolved     readme: 'ERROR: No README data found!',
88 silly install resolved     homepage: 'https://github.com/aheckmann/gm#readme' } ]
89 info install gm@1.4.2 into /Users/davidkim/git/testeract/node_modules/jpegorientation
90 info installOne gm@1.4.2
91 verbose installOne of gm to /Users/davidkim/git/testeract/node_modules/jpegorientation not in flight; installing
92 verbose lock using /Users/davidkim/.npm/_locks/gm-a5cc64f532009635.lock for /Users/davidkim/git/testeract/node_modules/jpegorientation/node_modules/gm
93 silly install write writing gm 1.4.2 to /Users/davidkim/git/testeract/node_modules/jpegorientation/node_modules/gm
94 verbose unbuild node_modules/jpegorientation/node_modules/gm
95 silly gentlyRm /Users/davidkim/git/testeract/node_modules/jpegorientation/node_modules/gm is being purged from base /Users/davidkim/git/testeract
96 verbose gentlyRm don't care about contents; nuking /Users/davidkim/git/testeract/node_modules/jpegorientation/node_modules/gm
97 verbose tar unpack /Users/davidkim/.npm/gm/1.4.2/package.tgz
98 verbose tar unpacking to /Users/davidkim/git/testeract/node_modules/jpegorientation/node_modules/gm
99 silly gentlyRm /Users/davidkim/git/testeract/node_modules/jpegorientation/node_modules/gm is being purged
100 verbose gentlyRm don't care about contents; nuking /Users/davidkim/git/testeract/node_modules/jpegorientation/node_modules/gm
101 silly gunzTarPerm modes [ '755', '644' ]
102 silly gunzTarPerm extractEntry package.json
103 silly gunzTarPerm extractEntry .npmignore
104 silly gunzTarPerm extractEntry README.md
105 silly gunzTarPerm extractEntry index.js
106 silly gunzTarPerm extractEntry .travis.yml
107 silly gunzTarPerm extractEntry examples/background.js
108 silly gunzTarPerm extractEntry examples/getters.js
109 silly gunzTarPerm extractEntry examples/gravity.js
110 silly gunzTarPerm extractEntry examples/swirl.js
111 silly gunzTarPerm extractEntry examples/implode.js
112 silly gunzTarPerm extractEntry examples/gamma.js
113 silly gunzTarPerm extractEntry examples/limit.js
114 silly gunzTarPerm extractEntry examples/lower.js
115 silly gunzTarPerm extractEntry examples/magnify.js
116 silly gunzTarPerm extractEntry examples/median.js
117 silly gunzTarPerm extractEntry examples/minify.js
118 silly gunzTarPerm extractEntry examples/flop.js
119 silly gunzTarPerm extractEntry examples/modulate.js
120 silly gunzTarPerm extractEntry examples/flip.js
121 silly gunzTarPerm extractEntry examples/monochrome.js
122 silly gunzTarPerm extractEntry examples/flatten.js
123 silly gunzTarPerm extractEntry examples/morph.js
124 silly gunzTarPerm extractEntry examples/extent.js
125 silly gunzTarPerm extractEntry examples/negative.js
126 silly gunzTarPerm extractEntry examples/equalize.js
127 silly gunzTarPerm extractEntry examples/new.js
128 silly gunzTarPerm extractEntry examples/enhance.js
129 silly gunzTarPerm extractEntry examples/noise1.js
130 silly gunzTarPerm extractEntry examples/emboss.js
131 silly gunzTarPerm extractEntry examples/noise2.js
132 silly gunzTarPerm extractEntry examples/edge.js
133 silly gunzTarPerm extractEntry examples/paint.js
134 silly gunzTarPerm extractEntry examples/drawing.js
135 silly gunzTarPerm extractEntry examples/quality.js
136 silly gunzTarPerm extractEntry examples/dither.js
137 silly gunzTarPerm extractEntry examples/raise.js
138 silly gunzTarPerm extractEntry examples/despeckle.js
139 silly gunzTarPerm extractEntry examples/region.js
140 silly gunzTarPerm extractEntry examples/cycle.js
141 silly gunzTarPerm extractEntry examples/resample.js
142 silly gunzTarPerm extractEntry examples/crop.js
143 silly gunzTarPerm extractEntry examples/resize.js
144 silly gunzTarPerm extractEntry examples/contrast.js
145 silly gunzTarPerm extractEntry examples/roll.js
146 silly gunzTarPerm extractEntry examples/comment.js
147 silly gunzTarPerm extractEntry examples/rotate.js
148 silly gunzTarPerm extractEntry examples/colors.js
149 silly gunzTarPerm extractEntry examples/scale.js
150 silly gunzTarPerm extractEntry examples/colorize.js
151 silly gunzTarPerm extractEntry examples/sepia.js
152 silly gunzTarPerm extractEntry examples/chop.js
153 silly gunzTarPerm extractEntry examples/sharpen.js
154 silly gunzTarPerm extractEntry examples/charcoal.js
155 silly gunzTarPerm extractEntry examples/size.js
156 silly gunzTarPerm extractEntry examples/changeFormat.js
157 silly gunzTarPerm extractEntry examples/solarize.js
158 silly gunzTarPerm extractEntry examples/blur.js
159 silly gunzTarPerm extractEntry examples/spread.js
160 silly gunzTarPerm extractEntry examples/bitdepth.js
161 silly gunzTarPerm extractEntry examples/thumb.js
162 silly gunzTarPerm extractEntry examples/label.js
163 silly gunzTarPerm extractEntry examples/imgs/morpher.jpg
164 silly gunzTarPerm extractEntry examples/imgs/original.gif
165 silly gunzTarPerm extractEntry examples/imgs/original.jpg
166 silly gunzTarPerm extractEntry examples/imgs/original.png
167 silly gunzTarPerm extractEntry examples/imgs/originalSideways.jpg
168 silly gunzTarPerm extractEntry examples/imgs/photo.JPG
169 silly gunzTarPerm extractEntry History.md
170 silly gunzTarPerm extractEntry lib/args.js
171 silly gunzTarPerm extractEntry lib/command.js
172 silly gunzTarPerm extractEntry lib/convenience.js
173 silly gunzTarPerm extractEntry lib/drawing.js
174 silly gunzTarPerm extractEntry lib/getters.js
175 silly gunzTarPerm extractEntry lib/options.js
176 silly gunzTarPerm extractEntry lib/utils.js
177 silly gunzTarPerm extractEntry lib/convenience/autoOrient.js
178 silly gunzTarPerm extractEntry lib/convenience/morph.js
179 silly gunzTarPerm extractEntry lib/convenience/sepia.js
180 silly gunzTarPerm extractEntry lib/convenience/thumb.js
181 silly gunzTarPerm extractEntry Makefile
182 silly gunzTarPerm extractEntry test/68.js
183 silly gunzTarPerm extractEntry test/gifFrameStream.js
184 silly gunzTarPerm extractEntry test/gravity.js
185 silly gunzTarPerm extractEntry test/implode.js
186 silly gunzTarPerm extractEntry test/index.js
187 silly gunzTarPerm extractEntry test/gifFrame.js
188 silly gunzTarPerm extractEntry test/interlace.js
189 silly gunzTarPerm extractEntry test/label.js
190 silly gunzTarPerm extractEntry test/limit.js
191 silly gunzTarPerm extractEntry test/line.js
192 silly gunzTarPerm extractEntry test/lower.js
193 silly gunzTarPerm extractEntry test/gh-17.js
194 silly gunzTarPerm extractEntry test/magnify.js
195 silly gunzTarPerm extractEntry test/getterSize.js
196 silly gunzTarPerm extractEntry test/median.js
197 silly gunzTarPerm extractEntry test/getterRes.js
198 silly gunzTarPerm extractEntry test/minifiy.js
199 silly gunzTarPerm extractEntry test/getterIdentify.js
200 silly gunzTarPerm extractEntry test/modulate.js
201 silly gunzTarPerm extractEntry test/getterFormat.js
202 silly gunzTarPerm extractEntry test/monochrome.js
203 silly gunzTarPerm extractEntry test/getterFilesize.js
204 silly gunzTarPerm extractEntry test/morph.js
205 silly gunzTarPerm extractEntry test/getterDepth.js
206 silly gunzTarPerm extractEntry test/negative.js
207 silly gunzTarPerm extractEntry test/getterColor.js
208 silly gunzTarPerm extractEntry test/new.js
209 silly gunzTarPerm extractEntry test/gamma.js
210 silly gunzTarPerm extractEntry test/noise1.js
211 silly gunzTarPerm extractEntry test/flop.js
212 silly gunzTarPerm extractEntry test/noise2.js
213 silly gunzTarPerm extractEntry test/flip.js
214 silly gunzTarPerm extractEntry test/options.js
215 silly gunzTarPerm extractEntry test/flatten.js
216 silly gunzTarPerm extractEntry test/paint.js
217 silly gunzTarPerm extractEntry test/thumb.js
218 silly gunzTarPerm extractEntry test/polygon.js
219 silly gunzTarPerm extractEntry test/extent.js
220 silly gunzTarPerm extractEntry test/polyline.js
221 silly gunzTarPerm extractEntry test/equalize.js
222 silly gunzTarPerm extractEntry test/quality.js
223 silly gunzTarPerm extractEntry test/enhance.js
224 silly gunzTarPerm extractEntry test/raise.js
225 silly gunzTarPerm extractEntry test/emboss.js
226 silly gunzTarPerm extractEntry test/rectangle.js
227 silly gunzTarPerm extractEntry test/ellipse.js
228 silly gunzTarPerm extractEntry test/region.js
229 silly gunzTarPerm extractEntry test/edge.js
230 silly gunzTarPerm extractEntry test/resample.js
231 silly gunzTarPerm extractEntry test/dither.js
232 silly gunzTarPerm extractEntry test/resize.js
233 silly gunzTarPerm extractEntry test/despeckle.js
234 silly gunzTarPerm extractEntry test/roll.js
235 silly gunzTarPerm extractEntry test/cycle.js
236 silly gunzTarPerm extractEntry test/rotate.js
237 silly gunzTarPerm extractEntry test/crop.js
238 silly gunzTarPerm extractEntry test/scale.js
239 silly gunzTarPerm extractEntry test/contrast.js
240 silly gunzTarPerm extractEntry test/sepia.js
241 silly gunzTarPerm extractEntry test/comment.js
242 silly gunzTarPerm extractEntry test/setFormat.js
243 silly gunzTarPerm extractEntry test/colors.js
244 silly gunzTarPerm extractEntry test/sharpen.js
245 silly gunzTarPerm extractEntry test/colorize.js
246 silly gunzTarPerm extractEntry test/solarize.js
247 silly gunzTarPerm extractEntry test/circle.js
248 silly gunzTarPerm extractEntry test/spread.js
249 silly gunzTarPerm extractEntry test/chop.js
250 silly gunzTarPerm extractEntry test/streamIn.js
251 silly gunzTarPerm extractEntry test/charcoal.js
252 silly gunzTarPerm extractEntry test/streamInGetter.js
253 silly gunzTarPerm extractEntry test/changeFormat.js
254 silly gunzTarPerm extractEntry test/streamInOut.js
255 silly gunzTarPerm extractEntry test/blur.js
256 silly gunzTarPerm extractEntry test/streamOut.js
257 silly gunzTarPerm extractEntry test/bitdepth.js
258 silly gunzTarPerm extractEntry test/streamOutFormat.js
259 silly gunzTarPerm extractEntry test/bezier.js
260 silly gunzTarPerm extractEntry test/strip.js
261 silly gunzTarPerm extractEntry test/background.js
262 silly gunzTarPerm extractEntry test/subclass.js
263 silly gunzTarPerm extractEntry test/autoOrient.js
264 silly gunzTarPerm extractEntry test/swirl.js
265 silly gunzTarPerm extractEntry test/arc.js
266 silly gunzTarPerm extractEntry test/text.js
267 silly gunzTarPerm extractEntry test/70.js
268 silly gunzTarPerm extractEntry test/utils.js
269 silly gunzTarPerm extractEntry test/inputIs.js
270 silly gunzTarPerm extractEntry test/fixtures/favicon.png
271 silly gunzTarPerm extractEntry test/fixtures/loading.gif
272 verbose write writing to /Users/davidkim/git/testeract/node_modules/jpegorientation/node_modules/gm/package.json
273 info preinstall gm@1.4.2
274 verbose readDependencies loading dependencies from /Users/davidkim/git/testeract/node_modules/jpegorientation/node_modules/gm/package.json
275 verbose readDependencies loading dependencies from /Users/davidkim/git/testeract/node_modules/jpegorientation/node_modules/gm/package.json
276 silly install resolved []
277 verbose about to build /Users/davidkim/git/testeract/node_modules/jpegorientation/node_modules/gm
278 info build /Users/davidkim/git/testeract/node_modules/jpegorientation/node_modules/gm
279 info linkStuff gm@1.4.2
280 silly linkStuff gm@1.4.2 has /Users/davidkim/git/testeract/node_modules/jpegorientation/node_modules as its parent node_modules
281 verbose linkBins gm@1.4.2
282 verbose linkMans gm@1.4.2
283 verbose rebuildBundles gm@1.4.2
284 info install gm@1.4.2
285 info postinstall gm@1.4.2
286 verbose unlock done using /Users/davidkim/.npm/_locks/gm-a5cc64f532009635.lock for /Users/davidkim/git/testeract/node_modules/jpegorientation/node_modules/gm
287 verbose about to build /Users/davidkim/git/testeract/node_modules/jpegorientation
288 info build /Users/davidkim/git/testeract/node_modules/jpegorientation
289 info linkStuff jpegorientation@1.0.2
290 silly linkStuff jpegorientation@1.0.2 has /Users/davidkim/git/testeract/node_modules as its parent node_modules
291 verbose linkBins jpegorientation@1.0.2
292 verbose linkMans jpegorientation@1.0.2
293 verbose rebuildBundles jpegorientation@1.0.2
294 verbose rebuildBundles [ 'gm' ]
295 info install jpegorientation@1.0.2
296 verbose unsafe-perm in lifecycle true
297 info jpegorientation@1.0.2 Failed to exec install script
298 verbose unlock done using /Users/davidkim/.npm/_locks/jpegorientation-a91831f2af8ef939.lock for /Users/davidkim/git/testeract/node_modules/jpegorientation
299 verbose stack Error: jpegorientation@1.0.2 install: `node-gyp rebuild`
299 verbose stack Exit status 1
299 verbose stack     at EventEmitter.<anonymous> (/Users/davidkim/.nvm/versions/node/v0.12.7/lib/node_modules/npm/lib/utils/lifecycle.js:213:16)
299 verbose stack     at EventEmitter.emit (events.js:110:17)
299 verbose stack     at ChildProcess.<anonymous> (/Users/davidkim/.nvm/versions/node/v0.12.7/lib/node_modules/npm/lib/utils/spawn.js:24:14)
299 verbose stack     at ChildProcess.emit (events.js:110:17)
299 verbose stack     at maybeClose (child_process.js:1015:16)
299 verbose stack     at Process.ChildProcess._handle.onexit (child_process.js:1087:5)
300 verbose pkgid jpegorientation@1.0.2
301 verbose cwd /Users/davidkim/git/testeract
302 error Darwin 14.5.0
303 error argv "/Users/davidkim/.nvm/versions/node/v0.12.7/bin/node" "/Users/davidkim/.nvm/versions/node/v0.12.7/bin/npm" "install" "jpegorientation"
304 error node v0.12.7
305 error npm  v2.11.3
306 error code ELIFECYCLE
307 error jpegorientation@1.0.2 install: `node-gyp rebuild`
307 error Exit status 1
308 error Failed at the jpegorientation@1.0.2 install script 'node-gyp rebuild'.
308 error This is most likely a problem with the jpegorientation package,
308 error not with npm itself.
308 error Tell the author that this fails on your system:
308 error     node-gyp rebuild
308 error You can get their info via:
308 error     npm owner ls jpegorientation
308 error There is likely additional logging output above.
309 verbose exit [ 1, true ]
310 verbose unbuild node_modules/jpegorientation
311 info preuninstall jpegorientation@1.0.2
312 info uninstall jpegorientation@1.0.2
313 verbose unbuild rmStuff jpegorientation@1.0.2 from /Users/davidkim/git/testeract/node_modules
314 info postuninstall jpegorientation@1.0.2
315 silly gentlyRm /Users/davidkim/git/testeract/node_modules/jpegorientation is being purged from base /Users/davidkim/git/testeract
316 verbose gentlyRm don't care about contents; nuking /Users/davidkim/git/testeract/node_modules/jpegorientation
317 silly vacuum-fs purging /Users/davidkim/git/testeract/node_modules/jpegorientation
318 silly vacuum-fs quitting because other entries in /Users/davidkim/git/testeract/node_modules
